[debug] [2018-07-09T20:11:21.490Z] ----------------------------------------------------------------------
[debug] [2018-07-09T20:11:21.493Z] Command:       C:\Program Files\nodejs\node.exe C:\Users\socce\AppData\Roaming\npm\node_modules\firebase-tools\bin\firebase init
[debug] [2018-07-09T20:11:21.494Z] CLI Version:   3.19.3
[debug] [2018-07-09T20:11:21.494Z] Platform:      win32
[debug] [2018-07-09T20:11:21.494Z] Node Version:  v8.11.3
[debug] [2018-07-09T20:11:21.495Z] Time:          Mon Jul 09 2018 16:11:21 GMT-0400 (US Eastern Daylight Time)
[debug] [2018-07-09T20:11:21.495Z] ----------------------------------------------------------------------
[debug] 
[debug] [2018-07-09T20:11:21.510Z] > command requires scopes: ["email","openid","https://www.googleapis.com/auth/cloudplatformprojects.readonly","https://www.googleapis.com/auth/firebase"]
[debug] [2018-07-09T20:11:21.511Z] > authorizing via signed-in user
[info] 
     ######## #### ########  ######## ########     ###     ######  ########
     ##        ##  ##     ## ##       ##     ##  ##   ##  ##       ##
     ######    ##  ########  ######   ########  #########  ######  ######
     ##        ##  ##    ##  ##       ##     ## ##     ##       ## ##
     ##       #### ##     ## ######## ########  ##     ##  ######  ########

You're about to initialize a Firebase project in this directory:

  C:\Users\socce\Desktop\xtbc\chatarang

[info] 
=== Project Setup
[info] 
[info] First, let's associate this project directory with a Firebase project.
[info] You can create multiple project aliases by running firebase use --add, 
[info] but for now we'll just set up a default project.
[info] 
[debug] [2018-07-09T20:13:10.413Z] > refreshing access token with scopes: ["email","https://www.googleapis.com/auth/cloudplatformprojects.readonly","https://www.googleapis.com/auth/firebase","openid"]
[debug] [2018-07-09T20:13:10.413Z] >>> HTTP REQUEST POST https://www.googleapis.com/oauth2/v3/token  
 { refresh_token: '1/n-S7zVvNsXGILiF6vfznbRDUxzfGzHotYPJTX8toMF68GeEHWZ4l5KcKMpLTYDwK',
  client_id: '563584335869-fgrhgmd47bqnekij5i8b5pr03ho849e6.apps.googleusercontent.com',
  client_secret: 'j9iVZfS8kkCEFUPaAeJV0sAi',
  grant_type: 'refresh_token',
  scope: 'email https://www.googleapis.com/auth/cloudplatformprojects.readonly https://www.googleapis.com/auth/firebase openid' } 
 Mon Jul 09 2018 16:13:10 GMT-0400 (US Eastern Daylight Time)
[debug] [2018-07-09T20:13:10.625Z] <<< HTTP RESPONSE 200
[debug] [2018-07-09T20:13:10.707Z] >>> HTTP REQUEST GET https://admin.firebase.com/v1/projects  
  
 Mon Jul 09 2018 16:13:10 GMT-0400 (US Eastern Daylight Time)
[debug] [2018-07-09T20:13:11.002Z] <<< HTTP RESPONSE 200
[info] 
=== Database Setup
[info] 
[info] Firebase Realtime Database Rules allow you to define how your data should be
[info] structured and when your data can be read from and written to.
[info] 
[debug] [2018-07-09T20:15:38.957Z] ----------------------------------------------------------------------
[debug] [2018-07-09T20:15:38.960Z] Command:       C:\Program Files\nodejs\node.exe C:\Users\socce\AppData\Roaming\npm\node_modules\firebase-tools\bin\firebase init
[debug] [2018-07-09T20:15:38.961Z] CLI Version:   3.19.3
[debug] [2018-07-09T20:15:38.961Z] Platform:      win32
[debug] [2018-07-09T20:15:38.961Z] Node Version:  v8.11.3
[debug] [2018-07-09T20:15:38.961Z] Time:          Mon Jul 09 2018 16:15:38 GMT-0400 (US Eastern Daylight Time)
[debug] [2018-07-09T20:15:38.961Z] ----------------------------------------------------------------------
[debug] 
[debug] [2018-07-09T20:15:38.972Z] > command requires scopes: ["email","openid","https://www.googleapis.com/auth/cloudplatformprojects.readonly","https://www.googleapis.com/auth/firebase"]
[debug] [2018-07-09T20:15:38.973Z] > authorizing via signed-in user
[info] 
     ######## #### ########  ######## ########     ###     ######  ########
     ##        ##  ##     ## ##       ##     ##  ##   ##  ##       ##
     ######    ##  ########  ######   ########  #########  ######  ######
     ##        ##  ##    ##  ##       ##     ## ##     ##       ## ##
     ##       #### ##     ## ######## ########  ##     ##  ######  ########

You're about to initialize a Firebase project in this directory:

  C:\Users\socce\Desktop\xtbc\chatarang

[info] 
=== Project Setup
[info] 
[info] First, let's associate this project directory with a Firebase project.
[info] You can create multiple project aliases by running firebase use --add, 
[info] but for now we'll just set up a default project.
[info] 
[debug] [2018-07-09T20:16:17.630Z] >>> HTTP REQUEST GET https://admin.firebase.com/v1/projects  
  
 Mon Jul 09 2018 16:16:17 GMT-0400 (US Eastern Daylight Time)
[debug] [2018-07-09T20:16:17.907Z] <<< HTTP RESPONSE 200
[debug] [2018-07-09T20:18:45.478Z] ----------------------------------------------------------------------
[debug] [2018-07-09T20:18:45.481Z] Command:       C:\Program Files\nodejs\node.exe C:\Users\socce\AppData\Roaming\npm\node_modules\firebase-tools\bin\firebase init
[debug] [2018-07-09T20:18:45.481Z] CLI Version:   3.19.3
[debug] [2018-07-09T20:18:45.481Z] Platform:      win32
[debug] [2018-07-09T20:18:45.481Z] Node Version:  v8.11.3
[debug] [2018-07-09T20:18:45.482Z] Time:          Mon Jul 09 2018 16:18:45 GMT-0400 (US Eastern Daylight Time)
[debug] [2018-07-09T20:18:45.482Z] ----------------------------------------------------------------------
[debug] 
[debug] [2018-07-09T20:18:45.493Z] > command requires scopes: ["email","openid","https://www.googleapis.com/auth/cloudplatformprojects.readonly","https://www.googleapis.com/auth/firebase"]
[debug] [2018-07-09T20:18:45.493Z] > authorizing via signed-in user
[info] 
     ######## #### ########  ######## ########     ###     ######  ########
     ##        ##  ##     ## ##       ##     ##  ##   ##  ##       ##
     ######    ##  ########  ######   ########  #########  ######  ######
     ##        ##  ##    ##  ##       ##     ## ##     ##       ## ##
     ##       #### ##     ## ######## ########  ##     ##  ######  ########

You're about to initialize a Firebase project in this directory:

  C:\Users\socce\Desktop\xtbc\chatarang

